<?xml version="1.0" encoding="UTF-8"?>
<Site BuildName="(empty)"
	BuildStamp="20251010-0113-Experimental"
	Name="(empty)"
	Generator="ctest-4.0.3"
	CompilerName=""
	CompilerVersion=""
	OSName="macOS"
	Hostname="Bryans-MacBook-Air.local"
	OSRelease="15.5"
	OSVersion="24F74"
	OSPlatform="arm64"
	Is64Bits="1"
	VendorString="Apple"
	VendorID="Apple"
	FamilyID="0"
	ModelID="0"
	ModelName="Apple M2"
	ProcessorCacheSize="131072"
	NumberOfLogicalCPU="8"
	NumberOfPhysicalCPU="8"
	TotalVirtualMemory="0"
	TotalPhysicalMemory="8192"
	LogicalProcessorsPerPhysical="8"
	ProcessorClockFrequency="0"
	>
	<Testing>
		<StartDateTime>Oct 09 20:13 CDT</StartDateTime>
		<StartTestTime>1760058839</StartTestTime>
		<TestList/>
		<EndDateTime>Oct 09 20:13 CDT</EndDateTime>
		<EndTestTime>1760058839</EndTestTime>
		<ElapsedMinutes>0</ElapsedMinutes>
	</Testing>
</Site>
